3/17/2017 8:38:40 AM ## ----------admin log in ----------
3/17/2017 8:39:22 AM ## ----------admin log out ----------
3/17/2017 8:54:34 AM ## ----------admin log in ----------
3/17/2017 8:54:49 AM ## ----------admin log out ----------
3/17/2017 8:56:17 AM ## ----------admin log in ----------
3/17/2017 8:56:28 AM ## ----------admin log out ----------
3/17/2017 8:57:36 AM ## ----------admin log in ----------
3/17/2017 8:58:34 AM ## ----------admin log out ----------
3/17/2017 9:13:34 AM ## ----------admin log in ----------
3/17/2017 9:13:45 AM ## ----------admin log out ----------
3/17/2017 9:14:17 AM ## ----------admin log in ----------
3/17/2017 9:14:25 AM ## ----------admin log out ----------
3/17/2017 9:23:31 AM ## ----------admin log in ----------
3/17/2017 9:25:09 AM ## add new Account: nhanvien
3/17/2017 9:25:14 AM ## ----------admin log out ----------
3/17/2017 9:25:21 AM ## ----------nhanvien log in ----------
3/17/2017 9:25:37 AM ## change account's information
3/17/2017 9:25:54 AM ## change Bàn 5 to Bàn 5
3/17/2017 9:26:36 AM ## check new Bill, ID = 89, Total price = 24500
3/17/2017 9:27:25 AM ## ----------nhanvien log out ----------
3/17/2017 9:27:30 AM ## ----------vietanh log in ----------
3/17/2017 9:28:07 AM ## ----------vietanh log out ----------
3/17/2017 9:28:13 AM ## ----------staff log in ----------
3/17/2017 9:28:24 AM ## ----------staff log out ----------
3/17/2017 9:28:32 AM ## ----------vietanh log in ----------
3/17/2017 9:30:23 AM ## add new Food: Món mới
3/17/2017 9:30:49 AM ## update Food: Name: Món mới -> 7up, Category ID: 3 -> 3, Price: 12000 -> 10000
3/17/2017 9:31:58 AM ## change Bàn 6 to Bàn 6
3/17/2017 9:32:42 AM ## check new Bill, ID = 90, Total price = 10000
3/17/2017 9:34:05 AM ## add new Table, ID = 38
3/17/2017 9:34:22 AM ## delete Table, ID = 38
3/17/2017 9:36:40 AM ## ----------vietanh log out ----------
3/17/2017 9:39:08 AM ## ----------admin log in ----------
3/17/2017 9:39:45 AM ## ----------admin log out ----------
3/17/2017 9:40:37 AM ## ----------admin log in ----------
3/17/2017 9:41:11 AM ## ----------admin log out ----------
3/17/2017 9:41:12 AM ## ----------admin log in ----------
3/17/2017 9:41:13 AM ## ----------admin log out ----------
3/17/2017 9:41:14 AM ## ----------admin log in ----------
3/17/2017 9:41:15 AM ## ----------admin log out ----------
3/17/2017 9:41:43 AM ## ----------admin log in ----------
3/17/2017 9:43:21 AM ## ----------admin log in ----------
3/17/2017 9:43:38 AM ## ----------admin log in ----------
3/17/2017 9:44:42 AM ## ----------admin log in ----------
3/17/2017 9:45:16 AM ## ----------admin log out ----------
3/17/2017 9:45:52 AM ## ----------admin log in ----------
3/17/2017 10:18:11 AM ## ----------admin log in ----------
3/17/2017 10:20:06 AM ## ----------admin log out ----------
3/17/2017 7:17:59 PM ## ----------admin log in ----------
3/17/2017 7:19:26 PM ## ----------admin log out ----------
3/17/2017 7:19:27 PM ## ----------admin log in ----------
3/17/2017 7:19:39 PM ## check new Bill, ID = 67, Total price = 48000
3/17/2017 7:23:27 PM ## check new Bill, ID = 57, Total price = 30600
3/17/2017 7:23:57 PM ## ----------admin log out ----------
3/17/2017 7:33:59 PM ## ----------admin log in ----------
3/17/2017 7:34:42 PM ## ----------admin log out ----------
3/17/2017 7:49:47 PM ## ----------admin log in ----------
3/17/2017 7:50:26 PM ## ----------admin log in ----------
3/17/2017 7:55:31 PM ## ----------admin log in ----------
3/17/2017 7:56:09 PM ## ----------admin log out ----------
3/17/2017 7:58:57 PM ## ----------admin log in ----------
3/17/2017 7:59:13 PM ## add new Table, ID = 39
3/17/2017 7:59:29 PM ## delete Table, ID = 39
3/17/2017 7:59:32 PM ## ----------admin log out ----------
3/17/2017 8:06:17 PM ## ----------admin log in ----------
3/17/2017 8:06:36 PM ## add new Table, ID = 40
3/17/2017 8:06:46 PM ## add new Table, ID = 41
3/17/2017 8:06:51 PM ## ----------admin log out ----------
3/17/2017 8:07:00 PM ## ----------admin log in ----------
3/17/2017 8:07:12 PM ## delete Table, ID = 40
3/17/2017 8:07:18 PM ## delete Table, ID = 41
3/17/2017 8:07:19 PM ## ----------admin log out ----------
3/17/2017 8:08:49 PM ## ----------admin log in ----------
3/17/2017 8:09:38 PM ## ----------admin log in ----------
3/17/2017 8:09:51 PM ## add new Table, ID = 42
3/17/2017 8:10:07 PM ## ----------admin log out ----------
3/17/2017 8:11:20 PM ## ----------admin log in ----------
3/17/2017 8:11:32 PM ## delete Table, ID = 42
3/17/2017 8:11:50 PM ## add new Table, ID = 43
3/17/2017 8:11:53 PM ## ----------admin log out ----------
3/17/2017 8:14:16 PM ## ----------admin log in ----------
3/17/2017 8:14:29 PM ## delete Table, ID = 43
3/17/2017 8:14:42 PM ## add new Table, ID = 44
3/17/2017 8:14:47 PM ## ----------admin log out ----------
3/17/2017 8:27:33 PM ## ----------admin log in ----------
3/17/2017 8:27:54 PM ## update Table: Bàn 30 to Bàn 31
3/17/2017 8:28:06 PM ## ----------admin log out ----------
3/17/2017 8:29:07 PM ## ----------admin log in ----------
3/17/2017 8:29:29 PM ## ----------admin log out ----------
