3/16/2017 9:48:34 AM -- ----------admin log in ----------
3/16/2017 9:48:50 AM -- ----------admin log out ----------
3/16/2017 10:23:54 AM ## ----------admin log in ----------
3/16/2017 10:25:17 AM ## change Bàn 5 to Bàn 5
3/16/2017 10:25:32 AM ## check new Bill, ID = 86, Total price = 84000
3/16/2017 10:26:05 AM ## change account's information
3/16/2017 10:26:26 AM ## add new Food: Món mới
3/16/2017 10:26:39 AM ## update Food: Name: Món mới -> Cà phê xayCategory ID: 1 -> 1Price: 1000 -> 15000
3/16/2017 10:26:47 AM ## delete Food: Cà phê xay
3/16/2017 10:27:02 AM ## add new Category: danh mục mới
3/16/2017 10:27:20 AM ## delete Category: danh mục mới
3/16/2017 10:28:20 AM ## ----------admin log in ----------
3/16/2017 10:28:48 AM ## delete Table, ID = 36
3/16/2017 10:28:51 AM ## add new Table, ID = 37
3/16/2017 10:28:57 AM ## delete Table, ID = 37
3/16/2017 10:29:17 AM ## delete Account: newAccount
3/16/2017 10:29:41 AM ## add new Account: vietanh
3/16/2017 10:29:52 AM ## ----------admin log out ----------
3/16/2017 10:29:57 AM ## ----------vietanh log in ----------
3/16/2017 10:30:08 AM ## change account's information
3/16/2017 10:30:09 AM ## ----------vietanh log out ----------
3/16/2017 10:30:13 AM ## ----------vietanh log in ----------
3/16/2017 10:31:07 AM ## delete Bill, ID = 20
3/16/2017 10:32:55 AM ## ----------vietanh log out ----------
3/16/2017 10:34:15 AM ## ----------admin log in ----------
3/16/2017 10:34:30 AM ## ----------admin log out ----------
3/16/2017 11:13:13 AM ## ----------admin log in ----------
3/16/2017 11:13:21 AM ## ----------admin log out ----------
3/16/2017 11:14:46 AM ## ----------admin log in ----------
3/16/2017 11:15:01 AM ## ----------admin log out ----------
3/16/2017 11:19:23 AM ## ----------admin log in ----------
3/16/2017 11:19:39 AM ## ----------admin log out ----------
3/16/2017 11:20:42 AM ## ----------admin log in ----------
3/16/2017 11:20:53 AM ## ----------admin log out ----------
3/16/2017 11:34:07 AM ## ----------admin log in ----------
3/16/2017 11:46:00 AM ## ----------admin log in ----------
3/16/2017 11:46:35 AM ## ----------admin log out ----------
3/16/2017 11:47:31 AM ## ----------admin log in ----------
3/16/2017 11:47:40 AM ## ----------admin log out ----------
3/16/2017 11:48:07 AM ## ----------admin log in ----------
3/16/2017 11:48:18 AM ## ----------admin log out ----------
3/16/2017 11:50:04 AM ## ----------admin log in ----------
3/16/2017 11:50:21 AM ## ----------admin log out ----------
3/16/2017 11:52:15 AM ## ----------admin log in ----------
3/16/2017 11:56:53 AM ## ----------admin log out ----------
3/16/2017 12:34:01 PM ## ----------admin log in ----------
3/16/2017 12:37:45 PM ## ----------admin log in ----------
3/16/2017 12:38:32 PM ## ----------admin log in ----------
3/16/2017 12:39:08 PM ## ----------admin log in ----------
3/16/2017 12:39:16 PM ## ----------admin log out ----------
3/16/2017 12:39:58 PM ## ----------admin log in ----------
3/16/2017 12:40:05 PM ## ----------admin log out ----------
3/16/2017 12:41:46 PM ## ----------admin log in ----------
3/16/2017 12:42:13 PM ## check new Bill, ID = 87, Total price = 48000
3/16/2017 12:42:25 PM ## ----------admin log out ----------
3/16/2017 12:45:34 PM ## ----------admin log in ----------
3/16/2017 12:45:48 PM ## ----------admin log out ----------
3/16/2017 12:54:02 PM ## ----------admin log in ----------
3/16/2017 12:54:18 PM ## ----------admin log out ----------
3/16/2017 1:18:09 PM ## ----------admin log in ----------
3/16/2017 1:19:19 PM ## ----------admin log in ----------
3/16/2017 1:19:40 PM ## ----------admin log out ----------
3/16/2017 1:20:53 PM ## ----------admin log in ----------
3/16/2017 1:22:01 PM ## check new Bill, ID = 88, Total price = 42000
3/16/2017 1:22:09 PM ## ----------admin log out ----------
3/16/2017 7:39:52 PM ## ----------admin log in ----------
3/16/2017 7:40:02 PM ## ----------admin log out ----------
3/16/2017 7:40:36 PM ## ----------admin log in ----------
3/16/2017 7:40:46 PM ## ----------admin log out ----------
3/16/2017 7:41:22 PM ## ----------admin log in ----------
3/16/2017 7:41:31 PM ## ----------admin log out ----------
3/16/2017 7:47:27 PM ## ----------admin log in ----------
3/16/2017 7:47:53 PM ## ----------admin log out ----------
3/16/2017 7:50:51 PM ## ----------admin log in ----------
3/16/2017 7:50:59 PM ## ----------admin log out ----------
3/16/2017 7:52:07 PM ## ----------admin log in ----------
3/16/2017 7:52:15 PM ## ----------admin log out ----------
3/16/2017 7:56:49 PM ## ----------admin log in ----------
3/16/2017 7:57:40 PM ## ----------admin log in ----------
3/16/2017 7:59:16 PM ## ----------admin log in ----------
3/16/2017 8:00:02 PM ## ----------admin log in ----------
3/16/2017 8:05:42 PM ## ----------admin log in ----------
3/16/2017 8:05:51 PM ## ----------admin log out ----------
3/16/2017 8:09:24 PM ## ----------admin log in ----------
3/16/2017 8:10:09 PM ## ----------admin log in ----------
3/16/2017 8:10:27 PM ## ----------admin log out ----------
3/16/2017 8:19:34 PM ## ----------admin log in ----------
3/16/2017 8:20:44 PM ## ----------admin log out ----------
3/16/2017 8:22:30 PM ## ----------admin log in ----------
3/16/2017 8:22:40 PM ## ----------admin log out ----------
3/16/2017 8:23:03 PM ## ----------admin log in ----------
3/16/2017 8:23:13 PM ## ----------admin log out ----------
