4/8/2017 8:05:18 AM ## ----------admin log in ----------
4/8/2017 8:05:59 AM ## merge Bàn 17 to Bàn 17
4/8/2017 8:06:12 AM ## check new Bill, ID = 117, Total price = 22000
4/8/2017 8:06:19 AM ## ----------admin log out ----------
4/8/2017 8:11:03 AM ## ----------admin log in ----------
4/8/2017 8:12:13 AM ## change Bàn 7 to Bàn 7
4/8/2017 8:12:25 AM ## change Bàn 7 to Bàn 7
4/8/2017 8:14:13 AM ## merge Bàn 24 to Bàn 24
4/8/2017 8:14:29 AM ## check new Bill, ID = 121, Total price = 44000
4/8/2017 8:15:15 AM ## check new Bill, ID = 118, Total price = 30000
4/8/2017 8:15:31 AM ## check new Bill, ID = 119, Total price = 31500
4/8/2017 8:17:15 AM ## change account's information
4/8/2017 8:17:17 AM ## ----------admin log out ----------
4/8/2017 8:17:19 AM ## ----------admin log in ----------
4/8/2017 8:17:46 AM ## ----------admin log out ----------
4/8/2017 8:17:56 AM ## ----------nhanvien log in ----------
4/8/2017 8:18:20 AM ## change account's information
4/8/2017 8:18:24 AM ## ----------nhanvien log out ----------
4/8/2017 8:18:25 AM ## ----------nhanvien log in ----------
4/8/2017 8:18:33 AM ## ----------nhanvien log out ----------
4/8/2017 8:18:43 AM ## ----------admin log in ----------
4/8/2017 8:25:22 AM ## ----------admin log out ----------
4/8/2017 10:38:19 AM ## ----------admin log in ----------
4/8/2017 10:38:28 AM ## ----------admin log out ----------
4/8/2017 8:18:18 PM ## ----------admin log in ----------
4/8/2017 8:19:38 PM ## ----------admin log in ----------
4/8/2017 8:20:19 PM ## check new Bill, ID = 123, Total price = 12000
4/8/2017 8:20:26 PM ## ----------admin log out ----------
4/8/2017 8:23:34 PM ## ----------admin log in ----------
4/8/2017 8:23:51 PM ## ----------admin log out ----------
