4/7/2017 8:32:47 AM ## ----------admin log in ----------
4/7/2017 8:33:28 AM ## change Bàn 1 to Bàn 1
4/7/2017 8:33:34 AM ## ----------admin log out ----------
4/7/2017 8:37:05 AM ## ----------admin log in ----------
4/7/2017 8:37:22 AM ## change Bàn 2 to Bàn 2
4/7/2017 8:37:30 AM ## ----------admin log out ----------
4/7/2017 8:41:30 AM ## ----------admin log in ----------
4/7/2017 8:42:32 AM ## change Bàn 3 to Bàn 3
4/7/2017 8:42:44 AM ## check new Bill, ID = 108, Total price = 14000
4/7/2017 8:42:54 AM ## ----------admin log out ----------
4/7/2017 8:43:12 AM ## ----------admin log in ----------
4/7/2017 8:43:38 AM ## change Bàn 4 to Bàn 4
4/7/2017 8:43:47 AM ## check new Bill, ID = 109, Total price = 32000
4/7/2017 8:43:52 AM ## ----------admin log out ----------
4/7/2017 8:47:52 AM ## ----------admin log in ----------
4/7/2017 8:48:10 AM ## change Bàn 4 to Bàn 4
4/7/2017 8:48:19 AM ## change Bàn 4 to Bàn 4
4/7/2017 8:48:36 AM ## change Bàn 23 to Bàn 23
4/7/2017 8:48:43 AM ## check new Bill, ID = 110, Total price = 24000
4/7/2017 8:48:51 AM ## check new Bill, ID = 111, Total price = 14000
4/7/2017 8:48:53 AM ## ----------admin log out ----------
4/7/2017 8:50:09 AM ## ----------admin log in ----------
4/7/2017 8:50:49 AM ## change Bàn 10 to Bàn 10
4/7/2017 8:51:15 AM ## change Bàn 30 to Bàn 30
4/7/2017 8:51:31 AM ## change Bàn 10 to Bàn 10
4/7/2017 8:51:52 AM ## check new Bill, ID = 113, Total price = 14000
4/7/2017 8:53:14 AM ## ----------admin log out ----------
4/7/2017 8:53:23 AM ## ----------admin log in ----------
4/7/2017 8:53:35 AM ## check new Bill, ID = 112, Total price = 49000
4/7/2017 8:54:19 AM ## ----------admin log out ----------
4/7/2017 8:58:31 AM ## ----------admin log in ----------
4/7/2017 8:59:28 AM ## ----------admin log out ----------
4/7/2017 8:17:35 PM ## ----------admin log in ----------
4/7/2017 8:18:22 PM ## change Bàn 5 to Bàn 5
4/7/2017 8:18:42 PM ## merge Bàn 12 to Bàn 12
4/7/2017 8:18:58 PM ## check new Bill, ID = 115, Total price = 24000
4/7/2017 8:19:04 PM ## ----------admin log out ----------
